<?xml version="1.0" encoding="UTF-8"?>
<!-- Generated by org.testng.reporters.JUnitXMLReporter -->
<testsuite hostname="AliMoti" name="Default test" tests="6" failures="0" timestamp="2 Mar 2019 07:18:44 GMT" time="0.168" errors="0">
  <testcase name="methodA" time="0.04" classname="example.DemoTest"/>
  <testcase name="methodB" time="0.004" classname="example.DemoTest"/>
  <testcase name="methodC" time="0.003" classname="example.DemoTest"/>
  <testcase name="methodA2" time="0.004" classname="example.DemoTest2"/>
  <testcase name="methodB2" time="0.003" classname="example.DemoTest2"/>
  <testcase name="methodC2" time="0.004" classname="example.DemoTest2"/>
</testsuite> <!-- Default test -->
