<?xml version="1.0" encoding="UTF-8"?>
<!-- Generated by org.testng.reporters.JUnitXMLReporter -->
<testsuite hostname="AliMoti" name="Practice" tests="1" failures="0" timestamp="2 Mar 2019 17:53:04 GMT" time="0.138" errors="0">
  <testcase name="@AfterTest quit" time="0.0" classname="example.SeleniumTest">
    <failure type="java.lang.NullPointerException">
      <![CDATA[java.lang.NullPointerException
	at example.SeleniumTest.quit(SeleniumTest.java:54)
... Removed 23 stack frames]]>
    </failure>
  </testcase> <!-- @AfterTest quit -->
  <testcase name="methodA" time="0.043" classname="example.DemoTest"/>
</testsuite> <!-- Practice -->
