<?xml version="1.0" encoding="UTF-8"?>
<!-- Generated by org.testng.reporters.JUnitXMLReporter -->
<testsuite hostname="AliMoti" name="Practice" tests="9" failures="0" timestamp="2 Mar 2019 09:47:45 GMT" time="0.081" errors="0">
  <testcase name="methodA" time="0.025" classname="example.DemoTest"/>
  <testcase name="methodB" time="0.001" classname="example.DemoTest"/>
  <testcase name="methodC" time="0.0" classname="example.DemoTest"/>
  <testcase name="methodA2" time="0.0" classname="example.DemoTest2"/>
  <testcase name="methodB2" time="0.001" classname="example.DemoTest2"/>
  <testcase name="methodC2" time="0.002" classname="example.DemoTest2"/>
  <testcase name="methodA3" time="0.001" classname="example.DemoTest3"/>
  <testcase name="methodB3" time="0.001" classname="example.DemoTest3"/>
  <testcase name="methodC3" time="0.002" classname="example.DemoTest3"/>
</testsuite> <!-- Practice -->
