<?xml version="1.0" encoding="UTF-8"?>
<!-- Generated by org.testng.reporters.JUnitXMLReporter -->
<testsuite hostname="AliMoti" name="Practice" tests="6" failures="0" timestamp="2 Mar 2019 08:29:11 GMT" time="0.071" errors="0">
  <testcase name="methodA" time="0.026" classname="example.DemoTest"/>
  <testcase name="methodB" time="0.001" classname="example.DemoTest"/>
  <testcase name="methodC" time="0.001" classname="example.DemoTest"/>
  <testcase name="methodA2" time="0.002" classname="example.DemoTest2"/>
  <testcase name="methodB2" time="0.001" classname="example.DemoTest2"/>
  <testcase name="methodC2" time="0.001" classname="example.DemoTest2"/>
</testsuite> <!-- Practice -->
