<?xml version="1.0" encoding="UTF-8"?>
<testng-results skipped="0" failed="0" total="2" passed="2">
  <reporter-output>
  </reporter-output>
  <suite name="Suite" duration-ms="76685" started-at="2019-03-02T13:57:53Z" finished-at="2019-03-02T13:59:09Z">
    <groups>
    </groups>
    <test name="Practice" duration-ms="76685" started-at="2019-03-02T13:57:53Z" finished-at="2019-03-02T13:59:09Z">
      <class name="example.DemoTest">
        <test-method status="PASS" signature="methodA()[pri:0, instance:example.DemoTest@60f82f98]" name="methodA" duration-ms="27" started-at="2019-03-02T19:27:53Z" finished-at="2019-03-02T19:27:53Z">
          <reporter-output>
          </reporter-output>
        </test-method> <!-- methodA -->
      </class> <!-- example.DemoTest -->
      <class name="example.SeleniumTest">
        <test-method status="PASS" signature="seleniumTest()[pri:0, instance:example.SeleniumTest@30c7da1e]" name="seleniumTest" duration-ms="75031" started-at="2019-03-02T19:27:53Z" finished-at="2019-03-02T19:29:08Z">
          <reporter-output>
          </reporter-output>
        </test-method> <!-- seleniumTest -->
        <test-method status="PASS" signature="quit()[pri:0, instance:example.SeleniumTest@30c7da1e]" name="quit" is-config="true" duration-ms="1588" started-at="2019-03-02T19:29:08Z" finished-at="2019-03-02T19:29:09Z">
          <reporter-output>
          </reporter-output>
        </test-method> <!-- quit -->
      </class> <!-- example.SeleniumTest -->
    </test> <!-- Practice -->
  </suite> <!-- Suite -->
</testng-results>
