<?xml version="1.0" encoding="UTF-8"?>
<testsuite xmlns:xsi="http://www.w3.org/2001/XMLSchema-instance" xsi:schemaLocation="https://maven.apache.org/surefire/maven-surefire-plugin/xsd/surefire-test-report.xsd" name="TestSuite" time="3.003" tests="6" errors="0" skipped="0" failures="0">
  <properties>
[...]
</properties>
  <testcase name="methodA" classname="example.DemoTest" time="0.027"/>
  <testcase name="methodB" classname="example.DemoTest" time="0"/>
  <testcase name="methodC" classname="example.DemoTest" time="0"/>
  <testcase name="methodA2" classname="example.DemoTest2" time="0.001"/>
  <testcase name="methodB2" classname="example.DemoTest2" time="0.001"/>
  <testcase name="methodC2" classname="example.DemoTest2" time="0"/>
</testsuite>