<?xml version="1.0" encoding="UTF-8"?>
<testng-results skipped="0" failed="0" total="6" passed="6">
  <reporter-output>
  </reporter-output>
  <suite name="Suite" duration-ms="71" started-at="2019-03-02T08:29:11Z" finished-at="2019-03-02T08:29:11Z">
    <groups>
    </groups>
    <test name="Practice" duration-ms="71" started-at="2019-03-02T08:29:11Z" finished-at="2019-03-02T08:29:11Z">
      <class name="example.DemoTest2">
        <test-method status="PASS" signature="methodA2()[pri:0, instance:example.DemoTest2@3ac3fd8b]" name="methodA2" duration-ms="2" started-at="2019-03-02T13:59:11Z" finished-at="2019-03-02T13:59:11Z">
          <reporter-output>
          </reporter-output>
        </test-method> <!-- methodA2 -->
        <test-method status="PASS" signature="methodB2()[pri:0, instance:example.DemoTest2@3ac3fd8b]" name="methodB2" duration-ms="1" started-at="2019-03-02T13:59:11Z" finished-at="2019-03-02T13:59:11Z">
          <reporter-output>
          </reporter-output>
        </test-method> <!-- methodB2 -->
        <test-method status="PASS" signature="methodC2()[pri:0, instance:example.DemoTest2@3ac3fd8b]" name="methodC2" duration-ms="1" started-at="2019-03-02T13:59:11Z" finished-at="2019-03-02T13:59:11Z">
          <reporter-output>
          </reporter-output>
        </test-method> <!-- methodC2 -->
      </class> <!-- example.DemoTest2 -->
      <class name="example.DemoTest">
        <test-method status="PASS" signature="methodA()[pri:0, instance:example.DemoTest@19dfb72a]" name="methodA" duration-ms="26" started-at="2019-03-02T13:59:11Z" finished-at="2019-03-02T13:59:11Z">
          <reporter-output>
          </reporter-output>
        </test-method> <!-- methodA -->
        <test-method status="PASS" signature="methodB()[pri:0, instance:example.DemoTest@19dfb72a]" name="methodB" duration-ms="1" started-at="2019-03-02T13:59:11Z" finished-at="2019-03-02T13:59:11Z">
          <reporter-output>
          </reporter-output>
        </test-method> <!-- methodB -->
        <test-method status="PASS" signature="methodC()[pri:0, instance:example.DemoTest@19dfb72a]" name="methodC" duration-ms="1" started-at="2019-03-02T13:59:11Z" finished-at="2019-03-02T13:59:11Z">
          <reporter-output>
          </reporter-output>
        </test-method> <!-- methodC -->
      </class> <!-- example.DemoTest -->
    </test> <!-- Practice -->
  </suite> <!-- Suite -->
</testng-results>
