<?xml version="1.0" encoding="UTF-8"?>
<testng-results skipped="0" failed="0" total="1" passed="1">
  <reporter-output>
  </reporter-output>
  <suite name="Default suite" duration-ms="44285" started-at="2019-03-02T13:52:05Z" finished-at="2019-03-02T13:52:50Z">
    <groups>
    </groups>
    <test name="Default test" duration-ms="44285" started-at="2019-03-02T13:52:05Z" finished-at="2019-03-02T13:52:50Z">
      <class name="example.SeleniumTest">
        <test-method status="PASS" signature="seleniumTest()[pri:0, instance:example.SeleniumTest@4520ebad]" name="seleniumTest" duration-ms="44187" started-at="2019-03-02T19:22:05Z" finished-at="2019-03-02T19:22:50Z">
          <reporter-output>
          </reporter-output>
        </test-method> <!-- seleniumTest -->
      </class> <!-- example.SeleniumTest -->
    </test> <!-- Default test -->
  </suite> <!-- Default suite -->
</testng-results>
